<?xml version="1.0" encoding="UTF-8"?>
<!-- Generated by org.testng.reporters.JUnitXMLReporter -->
<testsuite ignored="3" hostname="DESKTOP-96CAUE8" failures="5" tests="5" name="Test" time="0.212" errors="0" timestamp="2021-03-06T01:26:36 IST">
  <testcase classname="com.testclasses.VerifyHomeTest1" name="verifydashboardtab" time="0.083">
    <failure type="java.lang.NullPointerException" message="Cannot invoke &amp;quot;org.openqa.selenium.SearchContext.findElement(org.openqa.selenium.By)&amp;quot; because &amp;quot;this.searchContext&amp;quot; is null">
      <![CDATA[java.lang.NullPointerException: Cannot invoke "org.openqa.selenium.SearchContext.findElement(org.openqa.selenium.By)" because "this.searchContext" is null
at org.openqa.selenium.support.pagefactory.DefaultElementLocator.findElement(DefaultElementLocator.java:69)
at org.openqa.selenium.support.pagefactory.internal.LocatingElementHandler.invoke(LocatingElementHandler.java:38)
at com.sun.proxy.$Proxy14.click(Unknown Source)
at com.pomclasses.VerifyHomePagesTabs.verifyDashboard(VerifyHomePagesTabs.java:38)
at com.testclasses.VerifyHomeTest1.verifydashboardtab(VerifyHomeTest1.java:49)
at java.base/java.util.ArrayList.forEach(ArrayList.java:1511)
... Removed 27 stack frames]]>
    </failure>
  </testcase> <!-- verifydashboardtab -->
  <testcase classname="com.testclasses.VerifyHomeTest1" name="verifydashboardtab" time="0.005">
    <failure type="java.lang.NullPointerException" message="Cannot invoke &amp;quot;org.openqa.selenium.SearchContext.findElement(org.openqa.selenium.By)&amp;quot; because &amp;quot;this.searchContext&amp;quot; is null">
      <![CDATA[java.lang.NullPointerException: Cannot invoke "org.openqa.selenium.SearchContext.findElement(org.openqa.selenium.By)" because "this.searchContext" is null
at org.openqa.selenium.support.pagefactory.DefaultElementLocator.findElement(DefaultElementLocator.java:69)
at org.openqa.selenium.support.pagefactory.internal.LocatingElementHandler.invoke(LocatingElementHandler.java:38)
at com.sun.proxy.$Proxy14.click(Unknown Source)
at com.pomclasses.VerifyHomePagesTabs.verifyDashboard(VerifyHomePagesTabs.java:38)
at com.testclasses.VerifyHomeTest1.verifydashboardtab(VerifyHomeTest1.java:49)
at java.base/java.util.ArrayList.forEach(ArrayList.java:1511)
... Removed 27 stack frames]]>
    </failure>
  </testcase> <!-- verifydashboardtab -->
  <testcase classname="com.testclasses.VerifyHomeTest1" name="verifydashboardtab" time="0.008">
    <failure type="java.lang.NullPointerException" message="Cannot invoke &amp;quot;org.openqa.selenium.SearchContext.findElement(org.openqa.selenium.By)&amp;quot; because &amp;quot;this.searchContext&amp;quot; is null">
      <![CDATA[java.lang.NullPointerException: Cannot invoke "org.openqa.selenium.SearchContext.findElement(org.openqa.selenium.By)" because "this.searchContext" is null
at org.openqa.selenium.support.pagefactory.DefaultElementLocator.findElement(DefaultElementLocator.java:69)
at org.openqa.selenium.support.pagefactory.internal.LocatingElementHandler.invoke(LocatingElementHandler.java:38)
at com.sun.proxy.$Proxy14.click(Unknown Source)
at com.pomclasses.VerifyHomePagesTabs.verifyDashboard(VerifyHomePagesTabs.java:38)
at com.testclasses.VerifyHomeTest1.verifydashboardtab(VerifyHomeTest1.java:49)
at java.base/java.util.ArrayList.forEach(ArrayList.java:1511)
... Removed 27 stack frames]]>
    </failure>
  </testcase> <!-- verifydashboardtab -->
  <testcase classname="com.testclasses.VerifyHomeTest1" name="verifyOrderstab" time="0.003">
    <failure type="java.lang.NullPointerException" message="Cannot invoke &amp;quot;org.openqa.selenium.SearchContext.findElement(org.openqa.selenium.By)&amp;quot; because &amp;quot;this.searchContext&amp;quot; is null">
      <![CDATA[java.lang.NullPointerException: Cannot invoke "org.openqa.selenium.SearchContext.findElement(org.openqa.selenium.By)" because "this.searchContext" is null
at org.openqa.selenium.support.pagefactory.DefaultElementLocator.findElement(DefaultElementLocator.java:69)
at org.openqa.selenium.support.pagefactory.internal.LocatingElementHandler.invoke(LocatingElementHandler.java:38)
at com.sun.proxy.$Proxy14.click(Unknown Source)
at com.pomclasses.VerifyHomePagesTabs.verifyOrders(VerifyHomePagesTabs.java:44)
at com.testclasses.VerifyHomeTest1.verifyOrderstab(VerifyHomeTest1.java:55)
at java.base/java.util.ArrayList.forEach(ArrayList.java:1511)
... Removed 27 stack frames]]>
    </failure>
  </testcase> <!-- verifyOrderstab -->
  <testcase classname="com.testclasses.VerifyHomeTest1" name="verifyHoldingtab" time="0.005">
    <failure type="java.lang.NullPointerException" message="Cannot invoke &amp;quot;org.openqa.selenium.SearchContext.findElement(org.openqa.selenium.By)&amp;quot; because &amp;quot;this.searchContext&amp;quot; is null">
      <![CDATA[java.lang.NullPointerException: Cannot invoke "org.openqa.selenium.SearchContext.findElement(org.openqa.selenium.By)" because "this.searchContext" is null
at org.openqa.selenium.support.pagefactory.DefaultElementLocator.findElement(DefaultElementLocator.java:69)
at org.openqa.selenium.support.pagefactory.internal.LocatingElementHandler.invoke(LocatingElementHandler.java:38)
at com.sun.proxy.$Proxy14.click(Unknown Source)
at com.pomclasses.VerifyHomePagesTabs.verifyHoldings(VerifyHomePagesTabs.java:49)
at com.testclasses.VerifyHomeTest1.verifyHoldingtab(VerifyHomeTest1.java:61)
at java.base/java.util.ArrayList.forEach(ArrayList.java:1511)
... Removed 27 stack frames]]>
    </failure>
  </testcase> <!-- verifyHoldingtab -->
  <testcase classname="com.testclasses.VerifyHomeTest1" name="verifyFundstab" time="0.0">
    <ignored/>
  </testcase> <!-- verifyFundstab -->
  <testcase classname="com.testclasses.VerifyHomeTest1" name="verifyappstab" time="0.0">
    <ignored/>
  </testcase> <!-- verifyappstab -->
  <testcase classname="com.testclasses.VerifyHomeTest1" name="verifyPositionstab" time="0.0">
    <ignored/>
  </testcase> <!-- verifyPositionstab -->
</testsuite> <!-- Test -->
